make --dry-run --always-make --keep-going --print-directory
make: Entering directory `/Users/hubaak/Desktop/nrpy+GPU/ScalarWaveCurvilinear_Playground_Ccodes_new_way/ScalarWaveCurvilinear_Playground_Ccodes_new_way'
nvcc -Xcompiler -fopenmp -rdc=true -Xptxas -v   -c MoL_malloc_y_n_gfs.cu -o MoL_malloc_y_n_gfs.o
nvcc -Xcompiler -fopenmp -rdc=true -Xptxas -v   -c MoL_free_memory_y_n_gfs.cu -o MoL_free_memory_y_n_gfs.o
nvcc -Xcompiler -fopenmp -rdc=true -Xptxas -v   -c MoL_malloc_non_y_n_gfs.cu -o MoL_malloc_non_y_n_gfs.o
nvcc -Xcompiler -fopenmp -rdc=true -Xptxas -v   -c MoL_free_memory_non_y_n_gfs.cu -o MoL_free_memory_non_y_n_gfs.o
nvcc -Xcompiler -fopenmp -rdc=true -Xptxas -v  -c MoL_step_forward_in_time.cu -o MoL_step_forward_in_time.o
nvcc -Xcompiler -fopenmp -rdc=true -Xptxas -v   -c set_bcstruct.cu -o set_bcstruct.o
nvcc -Xcompiler -fopenmp -rdc=true -Xptxas -v   -c driver_bcstruct.cu -o driver_bcstruct.o
nvcc -Xcompiler -fopenmp -rdc=true -Xptxas -v   -c apply_bcs_curvilinear_inner_only.cu -o apply_bcs_curvilinear_inner_only.o
nvcc -Xcompiler -fopenmp -rdc=true -Xptxas -v   -c freemem_bcstruct.cu -o freemem_bcstruct.o
nvcc -Xcompiler -fopenmp -rdc=true -Xptxas -v   -c set_up__bc_gz_map_and_parity_condns.cu -o set_up__bc_gz_map_and_parity_condns.o
nvcc -Xcompiler -fopenmp -rdc=true -Xptxas -v   -c apply_bcs_curvilinear_radiation.cu -o apply_bcs_curvilinear_radiation.o
nvcc -Xcompiler -fopenmp -rdc=true -Xptxas -v   -c find_timestep.cu -o find_timestep.o
nvcc -Xcompiler -fopenmp -rdc=true -Xptxas -v   -c xx_to_Cart.cu -o xx_to_Cart.o
nvcc -Xcompiler -fopenmp -rdc=true -Xptxas -v   -c set_Nxx_dxx_invdx_params__and__xx.cu -o set_Nxx_dxx_invdx_params__and__xx.o
nvcc -Xcompiler -fopenmp -rdc=true -Xptxas -v   -c Cart_to_xx_and_nearest_i0i1i2.cu -o Cart_to_xx_and_nearest_i0i1i2.o
nvcc -Xcompiler -fopenmp -rdc=true -Xptxas -v   -c Cart_to_xx_and_nearest_i0i1i2_global_grid_center.cu -o Cart_to_xx_and_nearest_i0i1i2_global_grid_center.o
nvcc -Xcompiler -fopenmp -rdc=true -Xptxas -v   -c rfm_precompute_rfmstruct_malloc.cu -o rfm_precompute_rfmstruct_malloc.o
nvcc -Xcompiler -fopenmp -rdc=true -Xptxas -v   -c rfm_precompute_rfmstruct_define.cu -o rfm_precompute_rfmstruct_define.o
nvcc -Xcompiler -fopenmp -rdc=true -Xptxas -v   -c rfm_precompute_rfmstruct_freemem.cu -o rfm_precompute_rfmstruct_freemem.o
nvcc -Xcompiler -fopenmp -rdc=true -Xptxas -v   -c set_Cparameters_to_default.cu -o set_Cparameters_to_default.o
nvcc -Xcompiler -fopenmp -rdc=true -Xptxas -v   -c exact_solution_single_point.cu -o exact_solution_single_point.o
nvcc -Xcompiler -fopenmp -rdc=true -Xptxas -v   -c exact_solution_all_points.cu -o exact_solution_all_points.o
nvcc -Xcompiler -fopenmp -rdc=true -Xptxas -v   -c rhs_eval.cu -o rhs_eval.o
nvcc -Xcompiler -fopenmp -rdc=true -Xptxas -v  -c catch_cuda_error.cu -o catch_cuda_error.o	
nvcc -Xcompiler -fopenmp -rdc=true -Xptxas -v   -c main.cu -o main.o
nvcc   MoL_malloc_y_n_gfs.o MoL_free_memory_y_n_gfs.o MoL_malloc_non_y_n_gfs.o MoL_free_memory_non_y_n_gfs.o MoL_step_forward_in_time.o set_bcstruct.o driver_bcstruct.o apply_bcs_curvilinear_inner_only.o freemem_bcstruct.o set_up__bc_gz_map_and_parity_condns.o apply_bcs_curvilinear_radiation.o find_timestep.o xx_to_Cart.o set_Nxx_dxx_invdx_params__and__xx.o Cart_to_xx_and_nearest_i0i1i2.o Cart_to_xx_and_nearest_i0i1i2_global_grid_center.o rfm_precompute_rfmstruct_malloc.o rfm_precompute_rfmstruct_define.o rfm_precompute_rfmstruct_freemem.o set_Cparameters_to_default.o exact_solution_single_point.o exact_solution_all_points.o rhs_eval.o catch_cuda_error.o main.o -o ScalarWaveCurvilinear_Playground -lm -lgomp
make: Leaving directory `/Users/hubaak/Desktop/nrpy+GPU/ScalarWaveCurvilinear_Playground_Ccodes_new_way/ScalarWaveCurvilinear_Playground_Ccodes_new_way'
 
