make all --print-data-base --no-builtin-variables --no-builtin-rules --question
# GNU Make 3.81
# Copyright (C) 2006  Free Software Foundation, Inc.
# This is free software; see the source for copying conditions.
# There is NO warranty; not even for MERCHANTABILITY or FITNESS FOR A
# PARTICULAR PURPOSE.

# This program built for i386-apple-darwin11.3.0

# Make data base, printed on Fri Jun 10 10:03:04 2022

# Variables

# automatic
<D = $(patsubst %/,%,$(dir $<))
# automatic
?F = $(notdir $?)
# environment
VSCODE_LOG_NATIVE = false
# automatic
?D = $(patsubst %/,%,$(dir $?))
# automatic
@D = $(patsubst %/,%,$(dir $@))
# automatic
@F = $(notdir $@)
# makefile
CURDIR := /Users/hubaak/Desktop/nrpy+GPU/ScalarWaveCurvilinear_Playground_Ccodes_new_way/ScalarWaveCurvilinear_Playground_Ccodes_new_way
# makefile
SHELL = /bin/sh
# environment
VSCODE_NLS_CONFIG = {"locale":"zh-cn","availableLanguages":{"*":"zh-cn"},"_languagePackId":"42e84e0914b17800d483f69e299e1b00.zh-cn","_translationsConfigFile":"/Users/hubaak/Library/Application Support/Code/clp/42e84e0914b17800d483f69e299e1b00.zh-cn/tcf.json","_cacheRoot":"/Users/hubaak/Library/Application Support/Code/clp/42e84e0914b17800d483f69e299e1b00.zh-cn","_resolvedLanguagePackCoreLocation":"/Users/hubaak/Library/Application Support/Code/clp/42e84e0914b17800d483f69e299e1b00.zh-cn/c3511e6c69bb39013c4a4b7b9566ec1ca73fc4d5","_corruptedFile":"/Users/hubaak/Library/Application Support/Code/clp/42e84e0914b17800d483f69e299e1b00.zh-cn/corrupted.info","_languagePackSupport":true}
# environment
_ = /usr/bin/make
# makefile (from `Makefile', line 2)
CFLAGS = -Xcompiler -fopenmp -rdc=true -Xptxas -v
# makefile (from `Makefile', line 1)
MAKEFILE_LIST :=  Makefile
# environment
VSCODE_VERBOSE_LOGGING = true
# environment
__CFBundleIdentifier = com.microsoft.VSCode
# environment
VSCODE_IPC_HOOK_EXTHOST = /var/folders/kt/_9gzhrfx32v6_vs45y4nj6d00000gn/T/vscode-ipc-9aa33783-ce05-4246-a9b6-9ddb2a431b29.sock
# environment
VSCODE_CWD = /
# environment
PATH = /Users/hubaak/miniforge3/bin:/Users/hubaak/miniforge3/condabin:/usr/local/opt/openssl@1.1/bin:/opt/homebrew/bin:/usr/local/bin:/usr/local/sbin:/usr/local/bin:/opt/homebrew/opt/qt/bin:/usr/local/sbin:/usr/local/bin:/usr/local/bin:/usr/bin:/bin:/usr/sbin:/sbin:/Library/TeX/texbin:/opt/X11/bin:/Library/Apple/usr/bin
# environment
LaunchInstanceID = CD110BBC-FBA7-4281-B947-1F916DDC5386
# environment
VSCODE_LOG_STACK = false
# environment
ELECTRON_RUN_AS_NODE = 1
# default
.FEATURES := target-specific order-only second-expansion else-if archives jobserver check-symlink
# environment
SSH_AUTH_SOCK = /private/tmp/com.apple.launchd.xELd3xaAyP/Listeners
# automatic
%F = $(notdir $%)
# environment
DISPLAY = /private/tmp/com.apple.launchd.ltBVBJBArv/org.macosforge.xquartz:0
# environment
CONDA_EXE = /Users/hubaak/miniforge3/bin/conda
# environment
VSCODE_PIPE_LOGGING = true
# environment
PWD = /Users/hubaak/Desktop/nrpy+GPU/ScalarWaveCurvilinear_Playground_Ccodes_new_way/ScalarWaveCurvilinear_Playground_Ccodes_new_way
# environment
ORIGINAL_XDG_CURRENT_DESKTOP = undefined
# environment
VSCODE_AMD_ENTRYPOINT = vs/workbench/api/node/extensionHostProcess
# environment
HOME = /Users/hubaak
# default
MAKEFILEPATH := /Applications/Xcode.app/Contents/Developer/Makefiles
# environment
VSCODE_CODE_CACHE_PATH = /Users/hubaak/Library/Application Support/Code/CachedData/c3511e6c69bb39013c4a4b7b9566ec1ca73fc4d5
# environment
LOGNAME = hubaak
# environment
APPLICATION_INSIGHTS_NO_DIAGNOSTIC_CHANNEL = 1
# environment
CONDA_PROMPT_MODIFIER = (base) 
# makefile (from `Makefile', line 7)
INCLUDEDIRS = 
# environment
VSCODE_HANDLES_UNCAUGHT_ERRORS = true
# automatic
^D = $(patsubst %/,%,$(dir $^))
# environment
CONDA_DEFAULT_ENV = base
# environment
XPC_FLAGS = 0x0
# default
MAKE = $(MAKE_COMMAND)
# default
MAKECMDGOALS := all
# environment
SHLVL = 1
# makefile (from `Makefile', line 1)
CC = nvcc
# default
MAKE_VERSION := 3.81
# environment
USER = hubaak
# makefile
.DEFAULT_GOAL := all
# environment
HOMEBREW_BOTTLE_DOMAIN = https://mirrors.ustc.edu.cn/homebrew-bottles
# automatic
%D = $(patsubst %/,%,$(dir $%))
# environment
CONDA_SHLVL = 1
# default
MAKE_COMMAND := /Applications/Xcode.app/Contents/Developer/usr/bin/make
# default
.VARIABLES := 
# environment
TMPDIR = /var/folders/kt/_9gzhrfx32v6_vs45y4nj6d00000gn/T/
# automatic
*F = $(notdir $*)
# environment
VSCODE_IPC_HOOK = /Users/hubaak/Library/Application Support/Code/1.67.2-main.sock
# makefile
MAKEFLAGS = Rrqp
# environment
MFLAGS = -Rrqp
# automatic
*D = $(patsubst %/,%,$(dir $*))
# environment
XPC_SERVICE_NAME = application.com.microsoft.VSCode.75728557.75728563
# automatic
+D = $(patsubst %/,%,$(dir $+))
# automatic
+F = $(notdir $+)
# environment
__CF_USER_TEXT_ENCODING = 0x1F5:0x19:0x34
# environment
COMMAND_MODE = unix2003
# default
MAKEFILES := 
# automatic
<F = $(notdir $<)
# environment
LC_ALL = C
# environment
CONDA_PYTHON_EXE = /Users/hubaak/miniforge3/bin/python
# environment
SECURITYSESSIONID = 186a5
# automatic
^F = $(notdir $^)
# default
SUFFIXES := 
# environment
_CE_M = 
# default
.INCLUDE_DIRS = /usr/local/include
# environment
MAKELEVEL := 0
# environment
CONDA_PREFIX = /Users/hubaak/miniforge3
# environment
VSCODE_PID = 488
# environment
_CE_CONDA = 
# environment
LANG = C
# variable set hash-table stats:
# Load=77/1024=8%, Rehash=0, Collisions=2/106=2%

# Pattern-specific Variable Values

# No pattern-specific variable values.

# Directories

# . (device 16777232, inode 78597442): 40 files, no impossibilities.

# 40 files, no impossibilities in 1 directories.

# Implicit Rules

# No implicit rules.

# Files

find_timestep.o: find_timestep.cu
#  Implicit rule search has not been done.
#  Modification time never checked.
#  File has not been updated.
#  commands to execute (from `Makefile', line 43):
	$(CC) $(CFLAGS) $(INCLUDEDIRS)  -c find_timestep.cu -o find_timestep.o
	

# Not a target:
catch_cuda_error.cu:
#  Implicit rule search has not been done.
#  Modification time never checked.
#  File has not been updated.

# Not a target:
MoL_free_memory_y_n_gfs.cu:
#  Implicit rule search has not been done.
#  Modification time never checked.
#  File has not been updated.

# Not a target:
xx_to_Cart.cu:
#  Implicit rule search has not been done.
#  Modification time never checked.
#  File has not been updated.

all: ScalarWaveCurvilinear_Playground MoL_malloc_y_n_gfs.o MoL_free_memory_y_n_gfs.o MoL_malloc_non_y_n_gfs.o MoL_free_memory_non_y_n_gfs.o MoL_step_forward_in_time.o set_bcstruct.o driver_bcstruct.o apply_bcs_curvilinear_inner_only.o freemem_bcstruct.o set_up__bc_gz_map_and_parity_condns.o apply_bcs_curvilinear_radiation.o find_timestep.o xx_to_Cart.o set_Nxx_dxx_invdx_params__and__xx.o Cart_to_xx_and_nearest_i0i1i2.o Cart_to_xx_and_nearest_i0i1i2_global_grid_center.o rfm_precompute_rfmstruct_malloc.o rfm_precompute_rfmstruct_define.o rfm_precompute_rfmstruct_freemem.o set_Cparameters_to_default.o exact_solution_single_point.o exact_solution_all_points.o rhs_eval.o catch_cuda_error.o main.o
#  Command-line target.
#  Implicit rule search has been done.
#  File does not exist.
#  File has been updated.
#  Needs to be updated (-q is set).
# variable set hash-table stats:
# Load=0/32=0%, Rehash=0, Collisions=0/5=0%

set_Cparameters_to_default.o: set_Cparameters_to_default.cu
#  Implicit rule search has not been done.
#  Modification time never checked.
#  File has not been updated.
#  commands to execute (from `Makefile', line 67):
	$(CC) $(CFLAGS) $(INCLUDEDIRS)  -c set_Cparameters_to_default.cu -o set_Cparameters_to_default.o
	

rfm_precompute_rfmstruct_define.o: rfm_precompute_rfmstruct_define.cu
#  Implicit rule search has not been done.
#  Modification time never checked.
#  File has not been updated.
#  commands to execute (from `Makefile', line 61):
	$(CC) $(CFLAGS) $(INCLUDEDIRS)  -c rfm_precompute_rfmstruct_define.cu -o rfm_precompute_rfmstruct_define.o
	

# Not a target:
MoL_step_forward_in_time.cu:
#  Implicit rule search has not been done.
#  Modification time never checked.
#  File has not been updated.

set_up__bc_gz_map_and_parity_condns.o: set_up__bc_gz_map_and_parity_condns.cu
#  Implicit rule search has not been done.
#  Modification time never checked.
 
#  File has not been updated.
#  commands to execute (from `Makefile', line 37):
	$(CC) $(CFLAGS) $(INCLUDEDIRS)  -c set_up__bc_gz_map_and_parity_condns.cu -o set_up__bc_gz_map_and_parity_condns.o
	

exact_solution_all_points.o: exact_solution_all_points.cu
#  Implicit rule search has not been done.
#  Modification time never checked.
#  File has not been updated.
#  commands to execute (from `Makefile', line 73):
	$(CC) $(CFLAGS) $(INCLUDEDIRS)  -c exact_solution_all_points.cu -o exact_solution_all_points.o
	

rfm_precompute_rfmstruct_freemem.o: rfm_precompute_rfmstruct_freemem.cu
#  Implicit rule search has not been done.
#  Modification time never checked.
#  File has not been updated.
#  commands to execute (from `Makefile', line 64):
	$(CC) $(CFLAGS) $(INCLUDEDIRS)  -c rfm_precompute_rfmstruct_freemem.cu -o rfm_precompute_rfmstruct_freemem.o
	

# Not a target:
.SUFFIXES:
#  Implicit rule search has not been done.
#  Modification time never checked.
#  File has not been updated.

# Not a target:
freemem_bcstruct.cu:
#  Implicit rule search has not been done.
#  Modification time never checked.
#  File has not been updated.

# Not a target:
Makefile:
#  Implicit rule search has been done.
#  Last modified 2022-06-09 20:48:52
#  File has been updated.
#  Successfully updated.
# variable set hash-table stats:
# Load=0/32=0%, Rehash=0, Collisions=0/0=0%

MoL_malloc_non_y_n_gfs.o: MoL_malloc_non_y_n_gfs.cu
#  Implicit rule search has not been done.
#  Modification time never checked.
#  File has not been updated.
#  commands to execute (from `Makefile', line 16):
	$(CC) $(CFLAGS) $(INCLUDEDIRS)  -c MoL_malloc_non_y_n_gfs.cu -o MoL_malloc_non_y_n_gfs.o
	

driver_bcstruct.o: driver_bcstruct.cu
#  Implicit rule search has not been done.
#  Modification time never checked.
#  File has not been updated.
#  commands to execute (from `Makefile', line 28):
	$(CC) $(CFLAGS) $(INCLUDEDIRS)  -c driver_bcstruct.cu -o driver_bcstruct.o
	

# Not a target:
rfm_precompute_rfmstruct_malloc.cu:
#  Implicit rule search has not been done.
#  Modification time never checked.
#  File has not been updated.

# Not a target:
set_Nxx_dxx_invdx_params__and__xx.cu:
#  Implicit rule search has not been done.
#  Modification time never checked.
#  File has not been updated.

# Not a target:
rhs_eval.cu:
#  Implicit rule search has not been done.
#  Modification time never checked.
#  File has not been updated.

Cart_to_xx_and_nearest_i0i1i2_global_grid_center.o: Cart_to_xx_and_nearest_i0i1i2_global_grid_center.cu
#  Implicit rule search has not been done.
#  Modification time never checked.
#  File has not been updated.
#  commands to execute (from `Makefile', line 55):
	$(CC) $(CFLAGS) $(INCLUDEDIRS)  -c Cart_to_xx_and_nearest_i0i1i2_global_grid_center.cu -o Cart_to_xx_and_nearest_i0i1i2_global_grid_center.o
	

Cart_to_xx_and_nearest_i0i1i2.o: Cart_to_xx_and_nearest_i0i1i2.cu
#  Implicit rule search has not been done.
#  Modification time never checked.
#  File has not been updated.
#  commands to execute (from `Makefile', line 52):
	$(CC) $(CFLAGS) $(INCLUDEDIRS)  -c Cart_to_xx_and_nearest_i0i1i2.cu -o Cart_to_xx_and_nearest_i0i1i2.o
	

# Not a target:
apply_bcs_curvilinear_inner_only.cu:
#  Implicit rule search has not been done.
#  Modification time never checked.
#  File has not been updated.

set_bcstruct.o: set_bcstruct.cu
#  Implicit rule search has not been done.
#  Modification time never checked.
#  File has not been updated.
#  commands to execute (from `Makefile', line 25):
	$(CC) $(CFLAGS) $(INCLUDEDIRS)  -c set_bcstruct.cu -o set_bcstruct.o
	

# Not a target:
MoL_malloc_non_y_n_gfs.cu:
#  Implicit rule search has not been done.
#  Modification time never checked.
#  File has not been updated.

apply_bcs_curvilinear_radiation.o: apply_bcs_curvilinear_radiation.cu
#  Implicit rule search has not been done.
#  Modification time never checked.
#  File has not been updated.
#  commands to execute (from `Makefile', line 40):
	$(CC) $(CFLAGS) $(INCLUDEDIRS)  -c apply_bcs_curvilinear_radiation.cu -o apply_bcs_curvilinear_radiation.o
	

# Not a target:
find_timestep.cu:
#  Implicit rule search has not been done.
#  Modification time never checked.
#  File has not been updated.

exact_solution_single_point.o: exact_solution_single_point.cu
#  Implicit rule search has not been done.
#  Modification time never checked.
#  File has not been updated.
#  commands to execute (from `Makefile', line 70):
	$(CC) $(CFLAGS) $(INCLUDEDIRS)  -c exact_solution_single_point.cu -o exact_solution_single_point.o
	

# Not a target:
free_parameters.h:
#  Implicit rule search has not been done.
#  Modification time never checked.
#  File has not been updated.

catch_cuda_error.o: catch_cuda_error.cu
#  Implicit rule search has not been done.
#  Modification time never checked.
#  File has not been updated.
#  commands to execute (from `Makefile', line 79):
	$(CC) $(CFLAGS) $(INCLUDEDIRS) -c catch_cuda_error.cu -o catch_cuda_error.o	
	

# Not a target:
set_Cparameters_to_default.cu:
#  Implicit rule search has not been done.
#  Modification time never checked.
#  File has not been updated.

# Not a target:
.DEFAULT:
#  Implicit rule search has not been done.
#  Modification time never checked.
#  File has not been updated.

MoL_free_memory_y_n_gfs.o: MoL_free_memory_y_n_gfs.cu
#  Implicit rule search has not been done.
#  Modification time never checked.
#  File has not been updated.
#  commands to execute (from `Makefile', line 13):
	$(CC) $(CFLAGS) $(INCLUDEDIRS)  -c MoL_free_memory_y_n_gfs.cu -o MoL_free_memory_y_n_gfs.o
	

# Not a target:
rfm_precompute_rfmstruct_define.cu:
#  Implicit rule search has not been done.
#  Modification time never checked.
#  File has not been updated.

MoL_free_memory_non_y_n_gfs.o: MoL_free_memory_non_y_n_gfs.cu
#  Implicit rule search has not been done.
#  Modification time never checked.
#  File has not been updated.
#  commands to execute (from `Makefile', line 19):
	$(CC) $(CFLAGS) $(INCLUDEDIRS)  -c MoL_free_memory_non_y_n_gfs.cu -o MoL_free_memory_non_y_n_gfs.o
	

xx_to_Cart.o: xx_to_Cart.cu
#  Implicit rule search has not been done.
#  Modification time never checked.
#  File has not been updated.
#  commands to execute (from `Makefile', line 46):
	$(CC) $(CFLAGS) $(INCLUDEDIRS)  -c xx_to_Cart.cu -o xx_to_Cart.o
	

clean:
#  Implicit rule search has not been done.
#  Modification time never checked.
#  File has not been updated.
#  commands to execute (from `Makefile', line 90):
	rm -f *.o */*.o *~ */*~ ./#* *.txt *.dat *.avi *.png ScalarWaveCurvilinear_Playground
	

# Not a target:
main.cu:
#  Implicit rule search has not been done.
#  Modification time never checked.
#  File has not been updated.

ScalarWaveCurvilinear_Playground: MoL_malloc_y_n_gfs.o MoL_free_memory_y_n_gfs.o MoL_malloc_non_y_n_gfs.o MoL_free_memory_non_y_n_gfs.o MoL_step_forward_in_time.o set_bcstruct.o driver_bcstruct.o apply_bcs_curvilinear_inner_only.o freemem_bcstruct.o set_up__bc_gz_map_and_parity_condns.o apply_bcs_curvilinear_radiation.o find_timestep.o xx_to_Cart.o set_Nxx_dxx_invdx_params__and__xx.o Cart_to_xx_and_nearest_i0i1i2.o Cart_to_xx_and_nearest_i0i1i2_global_grid_center.o rfm_precompute_rfmstruct_malloc.o rfm_precompute_rfmstruct_define.o rfm_precompute_rfmstruct_freemem.o set_Cparameters_to_default.o exact_solution_single_point.o exact_solution_all_points.o rhs_eval.o catch_cuda_error.o main.o
#  Implicit rule search has not been done.
#  File does not exist.
#  File has been updated.
#  Needs to be updated (-q is set).
# variable set hash-table stats:
# Load=0/32=0%, Rehash=0, Collisions=0/5=0%
#  commands to execute (from `Makefile', line 87):
 
	$(CC)   MoL_malloc_y_n_gfs.o MoL_free_memory_y_n_gfs.o MoL_malloc_non_y_n_gfs.o MoL_free_memory_non_y_n_gfs.o MoL_step_forward_in_time.o set_bcstruct.o driver_bcstruct.o apply_bcs_curvilinear_inner_only.o freemem_bcstruct.o set_up__bc_gz_map_and_parity_condns.o apply_bcs_curvilinear_radiation.o find_timestep.o xx_to_Cart.o set_Nxx_dxx_invdx_params__and__xx.o Cart_to_xx_and_nearest_i0i1i2.o Cart_to_xx_and_nearest_i0i1i2_global_grid_center.o rfm_precompute_rfmstruct_malloc.o rfm_precompute_rfmstruct_define.o rfm_precompute_rfmstruct_freemem.o set_Cparameters_to_default.o exact_solution_single_point.o exact_solution_all_points.o rhs_eval.o catch_cuda_error.o main.o -o ScalarWaveCurvilinear_Playground -lm -lgomp
	

# Not a target:
set_up__bc_gz_map_and_parity_condns.cu:
#  Implicit rule search has not been done.
#  Modification time never checked.
#  File has not been updated.

# Not a target:
exact_solution_all_points.cu:
#  Implicit rule search has not been done.
#  Modification time never checked.
#  File has not been updated.

# Not a target:
rfm_precompute_rfmstruct_freemem.cu:
#  Implicit rule search has not been done.
#  Modification time never checked.
#  File has not been updated.

MoL_step_forward_in_time.o: MoL_step_forward_in_time.cu
#  Implicit rule search has not been done.
#  Modification time never checked.
#  File has not been updated.
#  commands to execute (from `Makefile', line 22):
	$(CC) $(CFLAGS) $(INCLUDEDIRS) -c MoL_step_forward_in_time.cu -o MoL_step_forward_in_time.o
	

# Not a target:
MoL_free_memory_non_y_n_gfs.cu:
#  Implicit rule search has not been done.
#  Modification time never checked.
#  File has not been updated.

# Not a target:
driver_bcstruct.cu:
#  Implicit rule search has not been done.
#  Modification time never checked.
#  File has not been updated.

MoL_malloc_y_n_gfs.o: MoL_malloc_y_n_gfs.cu
#  Implicit rule search has not been done.
#  Implicit/static pattern stem: `'
#  File does not exist.
#  File has been updated.
#  Needs to be updated (-q is set).
# automatic
# @ := MoL_malloc_y_n_gfs.o
# automatic
# % := 
# automatic
# * := 
# automatic
# + := MoL_malloc_y_n_gfs.cu
# automatic
# | := 
# automatic
# < := MoL_malloc_y_n_gfs.cu
# automatic
# ^ := MoL_malloc_y_n_gfs.cu
# automatic
# ? := MoL_malloc_y_n_gfs.cu
# variable set hash-table stats:
# Load=8/32=25%, Rehash=0, Collisions=1/13=8%
#  commands to execute (from `Makefile', line 10):
	$(CC) $(CFLAGS) $(INCLUDEDIRS)  -c MoL_malloc_y_n_gfs.cu -o MoL_malloc_y_n_gfs.o
	

freemem_bcstruct.o: freemem_bcstruct.cu
#  Implicit rule search has not been done.
#  Modification time never checked.
#  File has not been updated.
#  commands to execute (from `Makefile', line 34):
	$(CC) $(CFLAGS) $(INCLUDEDIRS)  -c freemem_bcstruct.cu -o freemem_bcstruct.o
	

main.o: main.cu free_parameters.h
#  Implicit rule search has not been done.
#  Modification time never checked.
#  File has not been updated.
#  commands to execute (from `Makefile', line 82):
	$(CC) $(CFLAGS) $(INCLUDEDIRS)  -c main.cu -o main.o
	

# Not a target:
Cart_to_xx_and_nearest_i0i1i2_global_grid_center.cu:
#  Implicit rule search has not been done.
#  Modification time never checked.
#  File has not been updated.

rfm_precompute_rfmstruct_malloc.o: rfm_precompute_rfmstruct_malloc.cu
#  Implicit rule search has not been done.
#  Modification time never checked.
#  File has not been updated.
#  commands to execute (from `Makefile', line 58):
	$(CC) $(CFLAGS) $(INCLUDEDIRS)  -c rfm_precompute_rfmstruct_malloc.cu -o rfm_precompute_rfmstruct_malloc.o
	

# Not a target:
Cart_to_xx_and_nearest_i0i1i2.cu:
#  Implicit rule search has not been done.
#  Modification time never checked.
#  File has not been updated.

set_Nxx_dxx_invdx_params__and__xx.o: set_Nxx_dxx_invdx_params__and__xx.cu
#  Implicit rule search has not been done.
#  Modification time never checked.
#  File has not been updated.
#  commands to execute (from `Makefile', line 49):
	$(CC) $(CFLAGS) $(INCLUDEDIRS)  -c set_Nxx_dxx_invdx_params__and__xx.cu -o set_Nxx_dxx_invdx_params__and__xx.o
	

# Not a target:
set_bcstruct.cu:
#  Implicit rule search has not been done.
#  Modification time never checked.
#  File has not been updated.

rhs_eval.o: rhs_eval.cu
#  Implicit rule search has not been done.
#  Modification time never checked.
#  File has not been updated.
#  commands to execute (from `Makefile', line 76):
	$(CC) $(CFLAGS) $(INCLUDEDIRS)  -c rhs_eval.cu -o rhs_eval.o
	

# Not a target:
apply_bcs_curvilinear_radiation.cu:
#  Implicit rule search has not been done.
#  Modification time never checked.
#  File has not been updated.

# Not a target:
MoL_malloc_y_n_gfs.cu:
#  Implicit rule search has been done.
#  Last modified 2022-06-09 20:48:52
#  File has been updated.
#  Successfully updated.
# variable set hash-table stats:
# Load=0/32=0%, Rehash=0, Collisions=0/0=0%

# Not a target:
exact_solution_single_point.cu:
#  Implicit rule search has not been done.
#  Modification time never checked.
#  File has not been updated.

apply_bcs_curvilinear_inner_only.o: apply_bcs_curvilinear_inner_only.cu
#  Implicit rule search has not been done.
#  Modification time never checked.
#  File has not been updated.
#  commands to execute (from `Makefile', line 31):
	$(CC) $(CFLAGS) $(INCLUDEDIRS)  -c apply_bcs_curvilinear_inner_only.cu -o apply_bcs_curvilinear_inner_only.o
	

# files hash-table stats:
# Load=57/1024=6%, Rehash=0, Collisions=16/148=11%
# VPATH Search Paths

# No `vpath' search paths.

# No general (`VPATH' variable) search path.

# # of strings in strcache: 1
# # of strcache buffers: 1
# strcache size: total = 4096 / max = 4096 / min = 4096 / avg = 4096
# strcache free: total = 4087 / max = 4087 / min = 4087 / avg = 4087

# Finished Make data base on Fri Jun 10 10:03:04 2022

 
